<?xml version="1.0" encoding="UTF-8"?>
<!-- Generated by org.testng.reporters.JUnitXMLReporter -->
<testsuite ignored="0" hostname="LTIN230941" failures="10" tests="11" name="chromeTest" time="0.233" errors="0" timestamp="2024-02-13T09:46:48 IST">
  <testcase classname="testCases.TC_001_SearchingDentists" name="searchingDentists" time="0.014">
    <failure type="java.lang.NullPointerException" message="Cannot invoke &amp;quot;org.apache.logging.log4j.Logger.info(String)&amp;quot; because &amp;quot;this.logger&amp;quot; is null">
      <![CDATA[java.lang.NullPointerException: Cannot invoke "org.apache.logging.log4j.Logger.info(String)" because "this.logger" is null
at testCases.TC_001_SearchingDentists.searchingDentists(TC_001_SearchingDentists.java:26)
at java.base/java.util.ArrayList.forEach(ArrayList.java:1511)
... Removed 27 stack frames]]>
    </failure>
  </testcase> <!-- searchingDentists -->
  <testcase classname="testCases.TC_001_SearchingDentists" name="gettingDentists" time="0.0">
    <skipped/>
  </testcase> <!-- gettingDentists -->
  <testcase classname="testCases.TC_003_CorporateWellness_ValidDetails" name="checkingValidDetails" time="0.002">
    <failure type="java.lang.NullPointerException" message="Cannot invoke &amp;quot;org.apache.logging.log4j.Logger.fatal(String)&amp;quot; because &amp;quot;this.logger&amp;quot; is null">
      <![CDATA[java.lang.NullPointerException: Cannot invoke "org.apache.logging.log4j.Logger.fatal(String)" because "this.logger" is null
at testCases.TC_003_CorporateWellness_ValidDetails.checkingValidDetails(TC_003_CorporateWellness_ValidDetails.java:61)
at java.base/java.util.ArrayList.forEach(ArrayList.java:1511)
... Removed 27 stack frames]]>
    </failure>
  </testcase> <!-- checkingValidDetails -->
  <testcase classname="testCases.TC_002_Surgeries" name="topSurgeries" time="0.002">
    <failure type="java.lang.NullPointerException" message="Cannot invoke &amp;quot;org.apache.logging.log4j.Logger.info(String)&amp;quot; because &amp;quot;this.logger&amp;quot; is null">
      <![CDATA[java.lang.NullPointerException: Cannot invoke "org.apache.logging.log4j.Logger.info(String)" because "this.logger" is null
at testCases.TC_002_Surgeries.topSurgeries(TC_002_Surgeries.java:21)
at java.base/java.util.ArrayList.forEach(ArrayList.java:1511)
... Removed 27 stack frames]]>
    </failure>
  </testcase> <!-- topSurgeries -->
  <testcase classname="testCases.TC_002_Surgeries" name="generalSurgeries" time="0.06">
    <failure type="java.lang.NullPointerException" message="Cannot invoke &amp;quot;org.apache.logging.log4j.Logger.fatal(String)&amp;quot; because &amp;quot;this.logger&amp;quot; is null">
      <![CDATA[java.lang.NullPointerException: Cannot invoke "org.apache.logging.log4j.Logger.fatal(String)" because "this.logger" is null
at testCases.TC_002_Surgeries.generalSurgeries(TC_002_Surgeries.java:71)
at java.base/java.util.ArrayList.forEach(ArrayList.java:1511)
... Removed 27 stack frames]]>
    </failure>
  </testcase> <!-- generalSurgeries -->
  <testcase classname="testCases.TC_002_Surgeries" name="orthopedicSurgeries" time="0.005">
    <failure type="java.lang.NullPointerException" message="Cannot invoke &amp;quot;org.apache.logging.log4j.Logger.fatal(String)&amp;quot; because &amp;quot;this.logger&amp;quot; is null">
      <![CDATA[java.lang.NullPointerException: Cannot invoke "org.apache.logging.log4j.Logger.fatal(String)" because "this.logger" is null
at testCases.TC_002_Surgeries.orthopedicSurgeries(TC_002_Surgeries.java:196)
at java.base/java.util.ArrayList.forEach(ArrayList.java:1511)
... Removed 27 stack frames]]>
    </failure>
  </testcase> <!-- orthopedicSurgeries -->
  <testcase classname="testCases.TC_002_Surgeries" name="practologySurgeries" time="0.004">
    <failure type="java.lang.NullPointerException" message="Cannot invoke &amp;quot;org.apache.logging.log4j.Logger.fatal(String)&amp;quot; because &amp;quot;this.logger&amp;quot; is null">
      <![CDATA[java.lang.NullPointerException: Cannot invoke "org.apache.logging.log4j.Logger.fatal(String)" because "this.logger" is null
at testCases.TC_002_Surgeries.practologySurgeries(TC_002_Surgeries.java:96)
at java.base/java.util.ArrayList.forEach(ArrayList.java:1511)
... Removed 27 stack frames]]>
    </failure>
  </testcase> <!-- practologySurgeries -->
  <testcase classname="testCases.TC_002_Surgeries" name="ophtomologySurgeries" time="0.003">
    <failure type="java.lang.NullPointerException" message="Cannot invoke &amp;quot;org.apache.logging.log4j.Logger.fatal(String)&amp;quot; because &amp;quot;this.logger&amp;quot; is null">
      <![CDATA[java.lang.NullPointerException: Cannot invoke "org.apache.logging.log4j.Logger.fatal(String)" because "this.logger" is null
at testCases.TC_002_Surgeries.ophtomologySurgeries(TC_002_Surgeries.java:121)
at java.base/java.util.ArrayList.forEach(ArrayList.java:1511)
... Removed 27 stack frames]]>
    </failure>
  </testcase> <!-- ophtomologySurgeries -->
  <testcase classname="testCases.TC_002_Surgeries" name="urologySurgeries" time="0.003">
    <failure type="java.lang.NullPointerException" message="Cannot invoke &amp;quot;org.apache.logging.log4j.Logger.fatal(String)&amp;quot; because &amp;quot;this.logger&amp;quot; is null">
      <![CDATA[java.lang.NullPointerException: Cannot invoke "org.apache.logging.log4j.Logger.fatal(String)" because "this.logger" is null
at testCases.TC_002_Surgeries.urologySurgeries(TC_002_Surgeries.java:146)
at java.base/java.util.ArrayList.forEach(ArrayList.java:1511)
... Removed 27 stack frames]]>
    </failure>
  </testcase> <!-- urologySurgeries -->
  <testcase classname="testCases.TC_002_Surgeries" name="cosmeticSurgeries" time="0.004">
    <failure type="java.lang.NullPointerException" message="Cannot invoke &amp;quot;org.apache.logging.log4j.Logger.fatal(String)&amp;quot; because &amp;quot;this.logger&amp;quot; is null">
      <![CDATA[java.lang.NullPointerException: Cannot invoke "org.apache.logging.log4j.Logger.fatal(String)" because "this.logger" is null
at testCases.TC_002_Surgeries.cosmeticSurgeries(TC_002_Surgeries.java:171)
at java.base/java.util.ArrayList.forEach(ArrayList.java:1511)
... Removed 27 stack frames]]>
    </failure>
  </testcase> <!-- cosmeticSurgeries -->
  <testcase classname="testCases.TC_003_CorporateWellness_InvalidDetails" name="checkingInvalidDetails" time="0.002">
    <failure type="java.lang.NullPointerException" message="Cannot invoke &amp;quot;org.apache.logging.log4j.Logger.fatal(String)&amp;quot; because &amp;quot;this.logger&amp;quot; is null">
      <![CDATA[java.lang.NullPointerException: Cannot invoke "org.apache.logging.log4j.Logger.fatal(String)" because "this.logger" is null
at testCases.TC_003_CorporateWellness_InvalidDetails.checkingInvalidDetails(TC_003_CorporateWellness_InvalidDetails.java:56)
at java.base/java.util.ArrayList.forEach(ArrayList.java:1511)
... Removed 27 stack frames]]>
    </failure>
  </testcase> <!-- checkingInvalidDetails -->
</testsuite> <!-- chromeTest -->
