<?xml version="1.0" encoding="UTF-8"?>
<!-- Generated by org.testng.reporters.JUnitXMLReporter -->
<testsuite ignored="0" hostname="LTIN230941" failures="1" tests="11" name="edgeTest" time="132.616" errors="0" timestamp="2024-02-06T16:24:25 IST">
  <testcase classname="testCases.TC_003_CorporateWellness_ValidDetails" name="checkingValidDetails" time="20.307"/>
  <testcase classname="testCases.TC_003_CorporateWellness_InvalidDetails" name="checkingInvalidDetails" time="12.742"/>
  <testcase classname="testCases.TC_001_SearchingDentists" name="searchingDentists" time="6.001"/>
  <testcase classname="testCases.TC_001_SearchingDentists" name="gettingDentists" time="19.799">
    <failure type="java.lang.AssertionError" message="null">
      <![CDATA[java.lang.AssertionError: null
at testCases.TC_001_SearchingDentists.gettingDentists(TC_001_SearchingDentists.java:80)
at java.base/java.util.ArrayList.forEach(ArrayList.java:1511)
at java.base/java.util.concurrent.FutureTask.run(FutureTask.java:264)
at java.base/java.util.concurrent.ThreadPoolExecutor.runWorker(ThreadPoolExecutor.java:1136)
at java.base/java.util.concurrent.ThreadPoolExecutor$Worker.run(ThreadPoolExecutor.java:635)
at java.base/java.lang.Thread.run(Thread.java:833)
... Removed 19 stack frames]]>
    </failure>
  </testcase> <!-- gettingDentists -->
  <testcase classname="testCases.TC_002_Surgeries" name="topSurgeries" time="3.57"/>
  <testcase classname="testCases.TC_002_Surgeries" name="generalSurgeries" time="1.396"/>
  <testcase classname="testCases.TC_002_Surgeries" name="orthopedicSurgeries" time="1.31"/>
  <testcase classname="testCases.TC_002_Surgeries" name="practologySurgeries" time="1.17"/>
  <testcase classname="testCases.TC_002_Surgeries" name="ophtomologySurgeries" time="1.236"/>
  <testcase classname="testCases.TC_002_Surgeries" name="urologySurgeries" time="1.481"/>
  <testcase classname="testCases.TC_002_Surgeries" name="cosmeticSurgeries" time="1.36"/>
</testsuite> <!-- edgeTest -->
