<?xml version="1.0" encoding="UTF-8"?>
<testng-results ignored="0" total="2" passed="2" failed="0" skipped="0">
  <reporter-output>
  </reporter-output>
  <suite started-at="2024-02-15T12:15:48 IST" name="Suite" finished-at="2024-02-15T12:17:22 IST" duration-ms="94541">
    <groups>
      <group name="sanity">
        <method signature="TC_001_SearchingDentists.searchingDentists()[pri:1, instance:testCases.TC_001_SearchingDentists@31190526]" name="searchingDentists" class="testCases.TC_001_SearchingDentists"/>
        <method signature="TC_001_SearchingDentists.gettingDentists()[pri:0, instance:testCases.TC_001_SearchingDentists@31190526]" name="gettingDentists" class="testCases.TC_001_SearchingDentists"/>
      </group> <!-- sanity -->
    </groups>
    <test started-at="2024-02-15T12:15:48 IST" name="edgeTest" finished-at="2024-02-15T12:17:22 IST" duration-ms="94541">
      <class name="testCases.TC_001_SearchingDentists">
        <test-method is-config="true" signature="setup(java.lang.String,java.lang.String)[pri:0, instance:testCases.TC_001_SearchingDentists@31190526]" started-at="2024-02-15T12:15:48 IST" name="setup" finished-at="2024-02-15T12:15:55 IST" duration-ms="7262" status="PASS">
          <params>
            <param index="0">
              <value>
                <![CDATA[windows]]>
              </value>
            </param>
            <param index="1">
              <value>
                <![CDATA[edge]]>
              </value>
            </param>
          </params>
          <reporter-output>
          </reporter-output>
        </test-method> <!-- setup -->
        <test-method signature="searchingDentists()[pri:1, instance:testCases.TC_001_SearchingDentists@31190526]" started-at="2024-02-15T12:15:55 IST" name="searchingDentists" finished-at="2024-02-15T12:16:22 IST" duration-ms="27289" status="PASS">
          <reporter-output>
          </reporter-output>
        </test-method> <!-- searchingDentists -->
        <test-method signature="gettingDentists()[pri:0, instance:testCases.TC_001_SearchingDentists@31190526]" started-at="2024-02-15T12:16:22 IST" name="gettingDentists" finished-at="2024-02-15T12:17:22 IST" depends-on-methods="testCases.TC_001_SearchingDentists.searchingDentists" duration-ms="59623" status="PASS">
          <reporter-output>
          </reporter-output>
        </test-method> <!-- gettingDentists -->
        <test-method is-config="true" signature="tearDown()[pri:0, instance:testCases.TC_001_SearchingDentists@31190526]" started-at="2024-02-15T12:17:22 IST" name="tearDown" finished-at="2024-02-15T12:17:22 IST" duration-ms="296" status="PASS">
          <reporter-output>
          </reporter-output>
        </test-method> <!-- tearDown -->
      </class> <!-- testCases.TC_001_SearchingDentists -->
    </test> <!-- edgeTest -->
  </suite> <!-- Suite -->
</testng-results>
