<?xml version="1.0" encoding="UTF-8"?>
<testng-results ignored="0" total="1" passed="1" failed="0" skipped="0">
  <reporter-output>
  </reporter-output>
  <suite started-at="2024-02-13T10:02:32 IST" name="Suite" finished-at="2024-02-13T10:03:01 IST" duration-ms="29669">
    <groups>
      <group name="sanity">
        <method signature="TC_003_CorporateWellness_ValidDetails.checkingValidDetails()[pri:0, instance:testCases.TC_003_CorporateWellness_ValidDetails@7dcf94f8]" name="checkingValidDetails" class="testCases.TC_003_CorporateWellness_ValidDetails"/>
      </group> <!-- sanity -->
    </groups>
    <test started-at="2024-02-13T10:02:32 IST" name="edgeTest" finished-at="2024-02-13T10:03:01 IST" duration-ms="29669">
      <class name="testCases.TC_003_CorporateWellness_ValidDetails">
        <test-method is-config="true" signature="setup(java.lang.String,java.lang.String)[pri:0, instance:testCases.TC_003_CorporateWellness_ValidDetails@7dcf94f8]" started-at="2024-02-13T10:02:32 IST" name="setup" finished-at="2024-02-13T10:02:46 IST" duration-ms="13924" status="PASS">
          <params>
            <param index="0">
              <value>
                <![CDATA[windows]]>
              </value>
            </param>
            <param index="1">
              <value>
                <![CDATA[edge]]>
              </value>
            </param>
          </params>
          <reporter-output>
          </reporter-output>
        </test-method> <!-- setup -->
        <test-method signature="checkingValidDetails()[pri:0, instance:testCases.TC_003_CorporateWellness_ValidDetails@7dcf94f8]" started-at="2024-02-13T10:02:46 IST" name="checkingValidDetails" finished-at="2024-02-13T10:03:01 IST" duration-ms="14409" status="PASS">
          <reporter-output>
          </reporter-output>
        </test-method> <!-- checkingValidDetails -->
        <test-method is-config="true" signature="tearDown()[pri:0, instance:testCases.TC_003_CorporateWellness_ValidDetails@7dcf94f8]" started-at="2024-02-13T10:03:01 IST" name="tearDown" finished-at="2024-02-13T10:03:01 IST" duration-ms="343" status="PASS">
          <reporter-output>
          </reporter-output>
        </test-method> <!-- tearDown -->
      </class> <!-- testCases.TC_003_CorporateWellness_ValidDetails -->
    </test> <!-- edgeTest -->
  </suite> <!-- Suite -->
</testng-results>
